$title=ファイヤースープレックス
$pre=07
$stop=03
$start
02 NEO-GEO Logo
39 THE 100 MEGA SHOCK!
21 ファイヤー・スープレックス (タイトル)
42 どっからでもかかってこんかい野郎 (強制スタート)
41 HOW TO PLAY (操作説明)
35 YOU ARE GOOD CHOICE (ゲーム選択)
22 燃えるマッスルマッチョマン (ステージ1・3・5・7・9)
32 闇のフリーフォール (ステージ2)
26 闘魂マウンテン・ガイ (ステージ4)
23 ダーティ・メキシカン・ウォール (ステージ6)
27 炎のスーパーメガトンキック (ステージ8)
33 恐るべしマスター・バーンズ (最終ステージ)
2e ザ・ガンダーラ入場のテーマ
36 レオ・ブラッドレイ入場のテーマ
2d ザ・レッドドラゴン入場のテーマ
2f ゴチャック・ビッグボム入場のテーマ
2b テリー・ロジャース入場のテーマ
30 ブルース・ハブラム入場のテーマ
2c ロイ・ウィルソン入場のテーマ
37 ビッグ・ボンバーダー入場のテーマ
38 ブラバーマン入場のテーマ
31 マスター・バーンズ入場のテーマ
25 うっしゃあっ！ (勝った時)
2a くうっ！ (負けた時)
34 でりゃあっ！ (乱入時)
29 試合終了 (GAME OVER)
28 愛しきプロレス (ENDING)
$end
