$title=ASO II - ラストガーディアン
$pre=07
$stop=03
$start
02 NEO-GEO Logo
3b ASO II TITLE #1
3d ASO II TITLE #2
30 THE SPACE FLIGHT (AREA 1)
41 SEVERE FIGHT (BOSS 1)
3c CLEAR
50 ぼくの飛行機 (SHOP)
32 THE BIG BATTLESHIP (AREA 2 戦艦上)
3a SONIC BARRIER (AREA 2 戦艦内部)
42 MASSACRE (BOSS 2)
2e MACROCOSM SPACE (AREA 3)
40 STOICISM (BOSS 3)
2d WARP ZONE (AREA 4)
36 PLANET OF WATER (AREA 5)
37 亜空間 (AREA 6)
33 THE FINAL ZONE (LAST BOSS)
31 LAUGH (ENDING)
3f GAME OVER (CD未収録)
3e RANKING (CD未収録)
29 THE SPACE FLIGHT (AREA 1)
28 THE SPACE FLIGHT (AREA 1)
2c THE SPACE FLIGHT (AREA 1)
2a THE SPACE FLIGHT (AREA 1)
39 SONIC BARRIER (AREA 2 戦艦内部)
38 亜空間 (AREA 6)
34 THE FINAL ZONE (LAST BOSS)
31 LAUGH (ENDING)
$end
