$title=龍虎の拳2
$pre=07
$stop=03
$start
02 NEO-GEO Logo
29 龍虎２のテーマ (タイトル)
36 龍虎２のテーマ -MVS version - (タイトル)
41 この子に決めた (プレイヤー選択)
26 馬と僕 (リョウ・サカザキ BGM)
45 フェラーリマン (ロバート スタートデモ)
28 SWING THE HOUSE (ロバート・ガルシア BGM)
30 族 (ジャック・ターナー BGM)
22 中国老人 -NEO ASIAN MIX- (リー・パイロン BGM)
31 かぼちゃとピエロ (キング BGM)
46 栄光に向かって (ミッキー スタートデモ)
50 栄光への序曲 (ミッキー・ロジャース BGM)
33 BONUS GAME (BONUS M.E)
4e BONUS GAME (BONUS SELECT)
2d 修得 (ボーナス成功)
2e 又、次の機会に (ボーナス失敗)
2b 超必殺技伝授 (古寺)
2c 超必殺技伝授 (古工場)
32 自然 (気力充実画面)
43 100人組み手
40 NEXT STAGE (移動マップ画面)
24 ムスタングマン (ジョン・クローリー BGM)
25 忍の道 (如月影二 BGM)
51 霧笛 (テムジン BGM)
27 ダイエット (ユリ・サカザキ BGM)
23 師範 (タクマ・サカザキ BGM)
21 BLUE MOON FACTORY -Oh Oh BIG MIX- (Mr.BIG BGM)
4d コミッショナー (ギース 連行デモ)
44 ん？ギース (ギース 登場デモ)
52 ギースにキッス -CYBER EDIT- (ギース・ハワード BGM)
35 餓狼に向かって (ギース 逃亡デモ)
34 餓狼で会おう (ギース エピローグ)
48 明るく、楽しく (リョウ、ロバート、ユリ、テムジン エンディング)
49 野望 (ジャック、BIG エンディング)
4c 新薬発見 (リー エンディング)
4a 新たなる… (ミッキー、ジョン エンディング)
47 修羅の道 (如月 エンディング)
4b 希望 (キング、タクマ エンディング)
2a やたら長いんじゃ (スタッフロール)
42 コンティニュー
2f GAME OVER
$end
