$title=スラップショットII バンビード
$pre=07
$stop=03
$start
02 NEO-GEO Logo
21 ATTRACT DEMO 1
22 ATTRACT DEMO 2
23 HOW TO PLAY
24 PLAYER SELECT
3b VS THEME
27 THEME 1 ROUND 1 (Mr.Justice)
26 THEME 1 ROUND 2 (Mr.Justice)
25 THEME 1 ROUND 3 (Mr.Justice)
37 NEW CHALLENGER
2a THEME 2 ROUND 1 (CHINTA, SIREN)
29 THEME 2 ROUND 2 (CHINTA, SIREN)
28 THEME 2 ROUND 3 (CHINTA, SIREN)
38 YOU WON & YOU LOST
2d THEME 3 ROUND 1 (HIROMU, Bloody Wolf)
2c THEME 3 ROUND 2 (HIROMU, Bloody Wolf)
2b THEME 3 ROUND 3 (HIROMU, Bloody Wolf)
32 CONTINUE
30 THEME 4 ROUND 1 (SIMON, SURYA)
2f THEME 4 ROUND 2 (SIMON, SURYA)
2e THEME 4 ROUND 3 (SIMON, SURYA)
33 WINNER
34 ENDING (CHINTA)
35 STAFF ROLL
31 NAME ENTRY
3a GAME OVER
36 未使用曲 1
39 未使用曲 2
$end
