$title=ダブルドラゴン
$pre=00
$stop=03
$start
02 NEO-GEO Logo
e2 タイトル (1)
ed タイトル (2)
e8 How to OK?! (プレイ説明画面)
e6 コイツに100点!! (プレイヤーセレクト)
e1 True Fighter (ビリー・リーのテーマ)
ed Power transform (変身のテーマ)
e9 長男はつらいゼッ (ジミー・リーのテーマ)
e0 弱い者イジメはおしおきヨッ (マリアンのテーマ)
de Fighting ABOBO (アボボのテーマ)
e3 鮮血の肉爆弾 (ブルノフのテーマ)
ea 蹴り一筋 (エディのテーマ)
ee 知念忍 (アモンのテーマ)
dc 酔八仙拳 (チェンフーのテーマ)
df Flying Angel (ダルトンのテーマ)
dd 東風平 (レベッカのテーマ)
e4 影の暗殺者 (デュークのテーマ)
e2 Dark Master (コガ・シューコーのテーマ)
eb 工場の月 (エンディング「悲」)
ec 明日天気になあれ (エンディング「明」)
e7 早くイッて!! (コンティニュー)
e5 もう終わり?! (ゲームオーバー)
$end
