$title=餓狼伝説
$pre=07
$stop=03
$start
02 NEO-GEO Logo
33 餓狼伝説タイトル
4b 餓狼伝説タイトル (MVS)
4a 餓狼伝説タイトル (コイン投入時)
31 3人よれば文殊の知恵 (プレイヤーセレクト)
35 FIGHT! (対戦スタート)
36 下町の暴れんぼう (ダック・キングのテーマ)
30 ハレマー教カポエレ派戦いの歌(信ずるものは救われる) (リチャード・マイアのテーマ)
25 海は知っている (マイケル・マックスのテーマ)
3c 中国四千年の歴史 (タン・フー・ルーのテーマ)
43 結果が全て (対戦結果)
44 怪しげな奴 (中間デモ)
34 キングコブラがやってくる (ホア・ジャイのテーマ)
3a 勇者雷電 (ライデンのテーマ)
39 はじまるぞー (ボーナス・ゲーム スタート)
38 地獄の果てまで押しまくれ (ボーナス・ゲーム メインBGM)
48 あんたは偉い！ (ボーナス・ゲーム 勝ち)
49 負けるが勝ちよ (ボーナス・ゲーム 負け)
46 誘拐 (ギースの手下デモ)
47 目覚めの憂鬱 (ギース登場デモ)
32 ギースにキッス (ギース・ハワードのテーマ)
37 ちょっと小意気な喧嘩野郎 (2P対戦用 BGM)
45 勝利の影に (優勝デモ)
3f 橋を歩けば棒にあたる (ビリー・カーンのテーマ)
4d 見つめれば現実 (エンディング)
40 不屈の精神我にあり (コンティニュー)
41 絶望の彼方に (ゲームオーバー)
42 名を名乗れ (対戦成績表示)
$end
