$title=餓狼伝説スペシャル
$pre=07
$stop=03
$start
02 NEO-GEO Logo
46 餓狼伝説SPECIAL (Title)
3d LEVEL UP 2 (Level Select)
23 PLAYER SELECT
24 VS
30 クリキントン -America Stage I- (テリー・ボガード)
31 パスタ -Italy Stage- (アンディ・ボガード)
32 タイ南部の伝えたい新しい詩 -Thai Stage- (ジョー・東)
25 WINNER DEMO
33 ターくんと北ピー -Australia Stage- (ビッグ・ベア)
34 ジュウベイ -Nippon Stage I- (山田 十平衛)
35 炎龍神 -Nippon Stage II- (不知火 舞)
36 パンギャゴ・ホーホ -Hongkong Stage- (チン・シンザン)
37 ソウルに行こう！ -Korea Stage- (キム・カッファン)
42 Duck Dub Dub(ダックよおまえもか) -America Stage III- (ダック・キング)
44 中国四千年の歴史とはいかに -China Stage- (タン・フー・ルー)
38 ロンドンマーチ -England Stage- (ビリー・カーン)
39 キンクコンク -America Stage II- (アクセル・ホーク)
3a 働く闘牛士 -Spain Stage- (ローレンス・ブラッド)
43 ギースにしょうゆ -America Stage IV- (ギース・ハワード)
3b レクイエム ニ短調 K.626 ディエス・イレ -Germany Stage- (ヴォルフガング・クラウザー)
45 龍虎の拳 Ver.230000000.0 -Nippon Stage III- (リョウ・サカザキ)
48 More Mission (Ending)
2e CONTINUE
2d GAME OVER
2f NAME
$end
