$title=餓狼伝説3
$pre=07
$stop=03
$start
02 NEO-GEO Logo
21 「餓狼伝説3」 (オープニングタイトル)
22 ワイワイガヤガヤ (オプション表示)
23 Hitchhike (プレイヤーセレクト1)
4b Freemason (プレイヤーセレクト2)
24 いい旅チャレンジ10万里 (対戦者セレクト、マップ、勝利者デモ)
25 ENGAGE 2 (VS表示)
27 白いフランコ (フランコ・バッシュ ステージ)
28 Kiss Me(※) (ブルー・マリー ステージ)
26 蜜の味 (ボブ・ウィルソン ステージ)
29 ワニの味 (ジョー・ヒガシ ステージ)
4a ENGAGE 3 (山崎 Act1)
2b イヴォンヌ・ルロールへの幻想よりピアノとハープによる浮遊 (不知火 舞 ステージ)
2c 雷波濤 (アンディ・ボガード ステージ)
2d チ!!チ!!チ!!チ!! (ホンフゥ ステージ)
2e TAKU_HATSU (望月 双角 ステージ)
2f Big Shot! (テリー・ボガード ステージ)
45 あらいぐまギース (ギース特殊試合前)
30 ギースじゃ!!イ (ギース・ハワード ステージ1)
2a ギースにちゅうして (ギース・ハワード ステージ2)
46 露命 (ギース特殊試合後)
41 でたな！ (アクシデント〜山崎試合前)
42 でたな！#2 (山崎試合前)
31 C62 -シロクニ- (山崎 竜二 ステージ)
43 おまえが100年早いんだよ！ (山崎試合後)
44 光珠 (？登場 -秦 崇秀-)
37 パンドラの箱より 第１番「遭遇」 (試合前デモ〜？ステージ -秦 崇秀-)
32 パンドラの箱より 第１番「遭遇」#2 (？ステージ -秦 崇秀-)
36 パンドラの箱より 第２番「迷霧」 (試合前デモ〜？？ステージ -秦 崇雷-)
33 パンドラの箱より 第２番「迷霧」#2 (？？ステージ -秦 崇雷-)
47 The Sunset Sky Part V (エンディング〜スタッフロール)
4c GAME OVER 2 (エンディング用)
3a Splash (バッドエンディング)
3d ENGAGE 1 (ネーミング)
3b Continue
3f GAME OVER
$end
