$title=餓狼伝説2
$pre=07
$stop=03
$start
02 NEO-GEO Logo
3e 100Mショック
22 餓狼伝説2 (Title)
2c 30 sec. (MVS Mode)
3d LEVEL UP (Level Select)
23 PLAYER SELECT
24 VS
30 クリキントン -America Stage I- (テリー・ボガード)
31 パスタ -Italy Stage- (アンディ・ボガード)
32 タイ南部の伝えたい新しい詩 -Thai Stage- (ジョー・ヒガシ)
25 WINNER DEMO
33 ターくんと北ピー -Australia Stage- (ビッグ・ベア)
34 ジュウベイ -Nippon Stage I- (山田 十兵衛)
35 炎龍神 -Nippon Stage II- (不知火 舞)
36 パンギャゴ・ホーホ -Hongkong Stage- (チン・シンザン)
37 ソウルに行こう！ -Korea Stage- (キム・カッファン)
3c 不況をぶっとばせ!! -Bonus Stage-
38 ロンドンマーチ -England Stage- (ビリー・カーン)
39 キンクコンク -America Stage II- (アクセル・ホーク)
3a 働く闘牛士 -Spain Stage- (ローレンス・ブラッド)
27 SLEEP WELL
3b レクイエム ニ短調 K.626 ディエス・イレ -Germany Stage- (ヴォルフガング・クラウザー)
28 YOU WERE PERFECT
29 1coin
2a THE SUNSET SKY Part III (ENDING)
2e CONTINUE
2d GAME OVER
2f NAME
$end
