$title=ギャラクシーファイト
$pre=07
$stop=03
$start
5f NEO-GEO Logo
23 Galaxy Fight (オープニング)
24 Here We Go! (キャラクターセレクト)
37 ロルフ オープニング
38 Power Of Fire (ロルフ ステージ - 惑星エアラス)
3c カズマ オープニング
3d 闇神楽 (カズマ ステージ - 惑星エアラス)
2d ジュリ オープニング
2e Eternal Beauty Forever (ジュリ ステージ - 惑星レザール)
2a ルーミ オープニング
2b みんなぁーきいてるぅー！ (ルーミ ステージ - 惑星ルーテシア)
35 ギュンター オープニング
36 Ancient Wrath (ギュンター ステージ - 惑星グルジェフ)
26 アルバン オープニング
27 Ba-Rock (アルバン ステージ - 惑星ロザリス)
28 ゴールデン・ドーン オープニング
29 Ethereal Dance (ゴールデン・ドーン ステージ - 惑星マニ)
33 ムサファー オープニング
34 Strong Of Bring The NOISE (ムサファー ステージ - 惑星ファキール)
22 Bloody Street (対戦ステージ - 惑星ベラズケス)
30 ヤコプ オープニング
31 トリップ！トリップ！トリップ！ (ヤコプ ステージ - 惑星ルーテシア)
3a フェルデン・クライス オープニング
3b Pressure Drop (フェルデン・クライス ステージ)
3e ローウェ オープニング
3f You Will Not A Mysterious Hermit (ローウェ ステージ)
41 What the hell are you doing? (コンティニュー)
43 FULL OF FIGHT (ロルフ、ムサファー エンディング)
47 血塗れの安息日 (カズマ、ジュリ、ゴールデン・ドーン エンディング)
45 Good FORTUNE! (ギュンター、アルバン エンディング)
49 スターパンチャー (ルーミ エンディング)
4a 戦いの果てに (スタッフロール)
$end
