$title=超人学園ゴウカイザー
$pre=07
$stop=03
$start
02 NEO-GEO Logo
21 愛ゴウカイザー (オープニング)
39 愛ゴウカイザー (タイトル)
23 カイザービート (プレイヤーセレクト)
26 全開戦士ゴウカイザー (ゴウカイザー テーマ)
32 勝ちました… (勝利者デモ)
27 Come On Baby! てかぁー (キャプテン・アトランティス テーマ)
28 月光奇譚 (不動丸 テーマ)
25 Psycho Eyes (ヘルスティンガー テーマ)
2d 崩れる砂 (紫紅京介 テーマ)
2e 負けるな変身番長ブライダー (ブライダー テーマ)
34 勇者の背中 (中間デモ)
2c 私が相手だ (乱入モード)
29 天晴娘々大冒険 (華鈴 テーマ)
2f ハートジャックに恋をして (シャイア テーマ)
2b 喧嘩演舞 (神龍 テーマ)
30 FACTORY MARION (マリオン テーマ)
2a W. JUNGLE (プラトニック・ツインズ テーマ)
31 KENGORYTHM (ラストボス 王牙 テーマ)
33 キンコンカンコン (エンディング1)
37 超人への道 (エンディング2)
35 野望 (エンディング3)
22 やっぱり愛ってさぁ… (スタッフロール)
38 炎の10カウント (コンティニュー)
36 立て! 立つんだゴー (ゲームオーバー)
24 未使用曲
$end
