$title=天外魔境 真伝
$pre=07
$stop=03
$start
02 NEO-GEO Logo
21 天外魔境真伝オープニング
2e 我、ジパングの地に立てり (セレクト)
2f いざ勝負！！ (VS画面)
22 夕刻の剣士 (戦国卍丸ステージ)
38 ばんざーい (WINNER画面)
25 雨笛 (自来也ステージ)
24 正調軟派一代男 (カブキ団十郎ステージ)
23 極楽竜宮大飯店 (極楽太郎ステージ)
34 あにき〜〜の出番です (乱入)
28 女金太郎物語 (綱手ステージ)
29 琴乱の舞い (八雲ステージ)
26 雪月花 (大蛇丸ステージ)
27 白魔術の少女 (絹ステージ)
30 マントーＡ(エース)登場 (中間デモ1)
2a 猿海馬鹿慕情 (マントーＡステージ)
31 カラクリ兵登場 (中間デモ2)
2b 鋼敵手現わる (カラクリ兵ステージ)
32 邪神斎変身 (中間デモ3)
2c 青銅魔界伝説 (邪神斎ステージ)
33 邪真斎登場 (中間デモ4)
2d 超獣鬼餓 (ルシフェラーステージ)
3a 戦国卍丸エンディング
3d 自来也エンディング
3c カブキ団十郎エンディング
3b 極楽太郎エンディング
40 綱手エンディング
41 八雲エンディング
3e 大蛇丸エンディング
3f 絹エンディング
39 新たなる大地をもとめて (スタッフロール)
36 終わるざんすよ... (コンティニュー)
37 げーむうぉーばー (ゲームオーバー)
35 いつも一緒なの〜 (ランキング)
$end
