$title=ファイターズヒストリー ダイナマイト
$pre=00
$stop=03
$start
32 KALNOV'S REVENGE (〜アイドル)
02 FIGHTER'S HISTORY DYNAMITE 　(〜タイトル)
03 BATTLE AGAIN (プレイヤー・セレクト)
0a レイのテーマ
17 レイのテーマ -HURRY UP-
04 BATTLE END (CD未収録)
0b フェイリンのテーマ
18 フェイリンのテーマ -HURRY UP-
0c リョウコのテーマ
19 リョウコのテーマ -HURRY UP-
0d マットロックのテーマ
1a マットロックのテーマ -HURRY UP-
0e サムチャイのテーマ
1b サムチャイのテーマ -HURRY UP-
0f リーのテーマ
1c リーのテーマ -HURRY UP-
10 ミゾグチのテーマ
1d ミゾグチのテーマ -HURRY UP-
11 ジャンのテーマ
1e ジャンのテーマ -HURRY UP-
12 マーストリウスのテーマ
1f マーストリウスのテーマ -HURRY UP-
31 NEW RIVAL (〜乱入)
13 ヨンミーのテーマ
20 ヨンミーのテーマ -HURRY UP-
14 ザジィのテーマ
21 ザジィのテーマ -HURRY UP-
15 クラウンのテーマ
22 クラウンのテーマ -HURRY UP-
16 カルノフのテーマ
23 カルノフのテーマ -HURRY UP-
05 INDOMITABLE SPIRIT (〜コンティニュー)
24 レイ エンディング
25 フェイリン エンディング
26 リョウコ エンディング
27 マットロック エンディング
28 サムチャイ エンディング
29 リー エンディング
2a ミゾグチ エンディング
2b ジャン エンディング
2c マーストリウス エンディング
2d ヨンミー エンディング
2e ザジィ エンディング
2f クラウン エンディング
30 カルノフ エンディング
09 OX'S THEME (エキストララウンド)
06 GAME OVER (ゲームオーバー)
07 BEST GRAPPLERS (ランキング)
$end
