$title=ザ・キング・オブ・ファイターズ2001
$pre=07
$stop=20
$start
02 NEO-GEO Logo
21 ネスツ肉体改造計画のテーマ(オープニングVer1.0)
22 ネスツ肉体改造計画のテーマ(オープニングVer2.0)
2f ネスツ肉体改造計画のテーマ(操作説明)
30 HIT ME!
31 HIT ME MORE!
25 BIG PAIN
26 無敵の炎
27 不滅の日輪
28 アタシの鞭
29 ALL OK!
2a 極限ファイト
2b THE QUEEN OF FIGHTERS
2c ネスツ闇の支配社
2d サイコなやつら
2e ネリチャギ
32 闘魂No.1
34 闘魂No.2
35 ネスツ肉体改造計画のテーマ(デモVer1.0)
36 ネスツ肉体改造計画のテーマ(デモVer2.0)
23 Untitled
37 ネスツ肉体改造計画のテーマ(デモVer3.0)
24 我こそ最強
38 ネスツ肉体改造計画のテーマ(デモVer4.0)
3a THE KING OF FIGHTERS 2001エンディング(喜)
3b THE KING OF FIGHTERS 2001エンディング(怒)
3c THE KING OF FIGHTERS 2001エンディング(哀)
3d THE KING OF FIGHTERS 2001エンディング(楽)
33 闘魂No.3
3e THE KING OF FIGHTERS 2001スタッフロールBGM
$end
