$title=ザ・キング・オブ・ファイターズ'94
$pre=07
$stop=03
$start
02 NEO-GEO Logo
2a THE KING OF FIGHTERS'94 開幕 (タイトル)
2d THE KING OF FIGHTERS'94 開催 (MVSタイトル)
32 死か屈辱かの選択 (プレイヤーセレクト)
21 JUNGLE BOUNCER (ブラジルステージ)
30 CLEAR (クリアBGM)
22 ね！ (イギリスステージ)
23 龍虎の変 (メキシコステージ)
24 SLUM No.5 (アメリカステージ)
25 NAPOLITAN BLUES (イタリアステージ)
26 ESAKA (日本ステージ)
27 憂 (韓国ステージ)
28 サイコソルジャー "K･O･F Version" (中国ステージ)
35 R&Dへ向かう (ボス中間デモ)
29 決闘R&D (ボスステージ1)
34 UM… (ボスステージ1後デモ)
2b 決着R&D (ボスステージ2)
40 プレ・ボン (エンディング1)
41 HAPPY JAH！あーりませんか (エンディング2-1)
2c SUNSET SKY Part4 "PAPAYA Version" (エンディング2-2)
31 CONTINUE〜GAMEOVER
$end
