$title=ザ・キング・オブ・ファイターズ'95
$pre=07
$stop=03
$start
02 NEO-GEO Logo
21 K･O･F '95 (タイトル)
3a K･O･F '95 #2 (MVSタイトル)
38 悪魔のセレクト (ゲームセレクト)
2c 怒濤のセレクト (チームセレクト)
22 FUNKY ESAKA (日本ステージ)
30 この世の春 (勝利デモ)
23 慮 (韓国ステージ)
24 DESERT REQUIEM (中近東ステージ)
25 戦慄のドラ (中国ステージ)
26 CLUB-M 〜青空にフルート〜 (地中海ステージ)
27 リュウコとケン 〜揺れる男心〜 (アメリカステージ)
28 地を這うベース (イギリスステージ)
29 嵐のサキソフォン (アメリカステージ)
2d 泣きのR・哀愁のD (ルガール デモ1,3)
2e 泣きのR・哀愁のD (ルガール デモ2)
2a HALとベースとメロディーと (最終ボスステージ1)
33 ルガール賛歌 (ルガール出現デモ)
37 ギターオメガとルガールと (最終ボスステージ2)
39 ルガール消滅 (ルガール消滅デモ)
34 KID (エンディング1)
35 涙さんさよなら (エンディング2)
36 さらばっ！青春 (エンディング3)
2b THE SUNSET SKY Part VI〜LIEBE (スタッフロール)
31 欲望の渦 (ゲームオーバー)
$end
