$title=ザ・キング・オブ・ファイターズ'96
$pre=07
$stop=03
$start
02 NEO-GEO Logo
40 「IN 1996」 (タイトル)
46 Roulette (プレイヤーセレクト)
21 ESAKA? (主人公チーム テーマ)
42 ORAORA (勝利デモ)
22 Big Shot "寂" (餓狼チーム テーマ)
24 Rumbling on the City (新・怒チーム テーマ)
25 サイコソルジャー REMIX'96 (サイコソルジャーチーム テーマ)
26 Seoul Road (キムチーム テーマ)
23 かみきり虫 (龍虎の拳チーム テーマ)
41 HEAR COMES CHALLENGER (乱入プレイヤーセレクト)
27 Get'n Up (新・女流格闘家チーム テーマ)
28 嵐のサキソフォン2 (八神チーム テーマ)
2a ギースに肩こり (ギース テーマ)
2b Dust man (Mr.BIG テーマ)
29 レクイエム ニ短調 K.626 ディエス・イレ (クラウザー テーマ)
43 護りし者 (デモ1)
2c Fairy (？テーマ -千鶴-)
44 風 (デモ2)
2d TRASH HEAD (？？テーマ -ゲーニッツ-)
45 空へ (デモ3)
47 でん！ (エンディング1)
48 でん！でん！ (エンディング2)
49 でん！でん！でん！ (エンディング3)
4b SELF (主人公チーム エンディング)
2e RISING RED (スタッフロール)
$end
