$title=キング・オブ・ザ・モンスターズ
$pre=07
$stop=03
$start
02 NEO-GEO Logo
25 KING OF THE MONSTERS (オープニングデモ)
24 滅びる街 (タイトル)
23 SELECT MONSTER (プレイヤーセレクト)
21 ENTIRELY BREAKER (GEONのテーマ)
28 ハレマー教聖歌 [狂気の祈り] (WOOのテーマ)
2b WET DANCE (POISON GHOSTのテーマ)
26 汚染地帯 (ステージクリア)
2e PYRAMID POWER (ROCKYのテーマ)
31 かぶと虫のように (BEETLE MANIAのテーマ)
34 醜きヒーロー (ASTRO GUYのテーマ)
37 THE NEWS (エンディング)
38 THE NEWS (エンディング)
3a 悲嘆の涙 (スタッフロール)
3c もう一度 (コンティニュー)
27 敗者の叫び (ゲームオーバー)
22 ENTIRELY BREAKER (GEONのテーマ)
29 ハレマー教聖歌 [狂気の祈り] (WOOのテーマ)
2c WET DANCE (POISON GHOSTのテーマ)
2f PYRAMID POWER (ROCKYのテーマ)
32 かぶと虫のように (BEETLE MANIAのテーマ)
35 醜きヒーロー (ASTRO GUYのテーマ)
$end
