$title=幕末浪漫 月華の剣士
$pre=07
$stop=03
$start
02 NEO-GEO Logo
34 四神の門〜戦雲の兆し (タイトル)
38 志士たち (セレクト)
31 月華の剣士〜夜明け前 (テーマ曲1)
37 称えし者 (汎用勝利者デモ)
21 楓ステージ環境音楽
22 御名方 守矢ステージ環境音楽
23 雪ステージ1環境音楽
24 雪ステージ2環境音楽
32 変転 (テーマ曲2)
3e 蘇生〜其の壱 (?復活デモ〜デモ1-1)
25 玄武の翁ステージ環境音楽
50 一条あかりステージ紹介用環境音楽デモ
26 一条あかりステージ環境音楽
27 神崎十三ステージ環境音楽
33 流点 (テーマ曲3)
28 鷲塚慶一郎ステージ環境音楽
29 天野漂ステージ環境音楽
2A 李烈火ステージ環境音楽
46 因縁 (テーマ曲4)
2b 紫鏡ステージ環境音楽
2c 斬鉄ステージ環境音楽
53 直衛示源ステージ紹介音楽
2d 直衛示源環境音楽
44 因縁〜会話 (因縁対決〜試合後)
40 蘇生〜其の弐 (?前デモ〜デモ2)
2e 剣聖 (?ステージ)
41 昇天 (?昇天デモ)
42 崖下の洋館 (??前デモ)
2f 朱雀 (??ステージ1)
30 邪神の門 (??ステージ2)
3b 終焉 (エンディング1)
3c 流燈 (エンディング2-1)
3d その後･･･ (エンディング2-2)
3a 続演 (コンティニュー)
39 終劇 (ゲームオーバー)
$end
