$title=幕末浪漫第二幕 月華の剣士
$pre=07
$stop=20
$start
02 NEO-GEO Logo
30 <第一番>〜第一楽章 「月に咲く華」(タイトル 其ノ壱)
31 第二楽章 「散りゆく花」(タイトル 其ノ弐)
32 間奏曲 「剣客(けんきゃく)」 (セレクト)
34 <第二番>〜第一楽章 「月華の剣士〜黎明の決意」 (テーマ 其ノ壱)
21 情景音楽 「染路峠(しじみとうげ)」
22 情景音楽 「曇天(ぐてん)の戦場」
23 情景音楽 「港町壱拾参番地」
35 第二楽章 「渦中」 (テーマ 其ノ弐)
24 情景音楽 「落日の村」
26 情景音楽 「忘らるる森」
27 情景音楽 「・雪待ち・の夕べ」
36 第三楽章 「剣戟腥風(けんげきせいふう)」 (テーマ 其ノ参)
2a 情景音楽 「和田模屋の大火(わだもやのたいか)」
25 情景音楽 「墓地」
33 間奏曲 「幕間(まくあい)」 (勝利デモ)
28 情景音楽 「封印の社」
37 <第三番>〜第一楽章 「激情」 (因縁)
2d 第二楽章 「事後」 (因縁後)
38 間奏曲 「降臨」(中間デモ)
29 情景音楽 「地獄門」
39 <第四番>〜第一楽章 「黄龍〜宿縁」(黄龍 其ノ壱)
3a 第二楽章 「黄龍〜常世の思念」(黄龍 其ノ弐)
3b <第五番>〜第一楽章 「訣別」 (エンディング 其ノ壱)
3e 第二楽章 「消滅」 (エンディング 其ノ弐)
3c <第六番>〜第一楽章 「月影」 (スタッフロール 其ノ壱)
3d 第二楽章 「蒼天」 (スタッフロール 其ノ弐)
$end
