$title=ラストリゾート
$pre=07
$stop=03
$start
02 NEO-GEO Logo
37 LAST RESORT TITLE (タイトル)
2c JACK TO THE METRO (ステージ 1)
40 VICE (ボス 1)
45 STAGE CLEAR
2b THE RUINS OF METRO (ステージ 2)
25 TYRANNICAL (ボス 2)
32 SONAR (ステージ 3)
41 COLD MACHINE (ボス 3)
33 THE MELTING POINT (ステージ 4)
42 DUSKY (ボス 4)
34 DON'T TOUCH ME BABY (ステージ 5-1)
43 FEAR (ステージ 5-2)
44 LEGEND OF KING (ボス 5)
46 LAST STAGE CLEAR 〜 THE SUNSET SKY PART II (エンディング)
36 CONTINUE
39 GAME OVER
55 FLOWER DANCING (ランキング)
35 THE SUNSET SKY PART II -short version- (エンディング)
$end
