$title=麻雀狂列伝 西日本編
$pre=07
$stop=03
$start
02 NEO-GEO Logo
2c 黄昏の北新地 (タイトルデモ)
22 名前入力
4d 遠くのあなた (メインBGM 1)
55 星の降る夜 (メインBGM 2)
50 山の中のイーピン (対局BGM 1)
2a ハネマン・ブルース (対局BGM 2)
2b 必殺! ツバメ返し (対局BGM 3)
25 ツモってこいよ! (リーチ後のBGM)
24 倭寇 (上がった時のBGM)
47 追憶 (エンディング)
21 コンティニュー
23 ゲームオーバー
27 遠くのあなた (メインBGM 1 - instrumental)
26 遠くのあなた (メインBGM 1 - instrumental)
51 遠くのあなた (メインBGM 1)
52 遠くのあなた (メインBGM 1)
4f 遠くのあなた (メインBGM 1)
29 星の降る夜 (メインBGM 2 - instrumental)
28 星の降る夜 (メインBGM 2 - instrumental)
53 星の降る夜 (メインBGM 2)
54 星の降る夜 (メインBGM 2)
56 星の降る夜 (メインBGM 2)
46 追憶 (エンディング)
41 未使用曲
40 未使用曲
$end
