$title=新豪血寺一族「闘婚」 Matrimelee
$pre=07
$stop=03
$start
3a 闘婚 〜Matrimelee〜 (オープニングデモ)
2c ミジコンロック (スタート画面)
31 はい〜！ (プレイヤーセレクト)
32 対決だぜ！ (VS画面)
25 青春の格ゲー
24 レッツゴー！陰陽師
22 小さなシアワセ
2d ときめきオーバークロック
23 百貫
21 ボクラノヒミツ
2f 貧乏人間カネナイジャー
26 素晴らしきインタアネツト
2e 忍び愛豪血寺
39 RAKUGAO! (対戦結果)
33 このドアを殴れ！ (控室前デモ画面)
27 喜！ (控室対戦用１)
28 怒！ (控室対戦用２)
29 哀！ (控室対戦用３)
2a 重！ (控室対戦用４)
30 シシー登場デモ
2b 闘婚行進曲 (最終ボスステージ)
37 それぞれのマチュリメレー (エンディングデモ)
3b 闘婚アンプラグドメドレー (スタッフロール)
38 ボコボコにしてやるぜ！ (途中参加ジングル)
34 続けるのか!? (コンティニュー)
35 終わりだぜ！ (通常ゲームオーバー)
36 全部終わりだぜ！ (全クリア時のゲームオーバー)
3c Voice Maniacs (一部海外用スタッフロール)
$end
