$title=メタルスラッグ3
$pre=00
$stop=03
$start
02 NEO-GEO Logo
21 The Military System (How to Play, All Missions Complete)
23 Barraks (Player Select)
25 蒼海の牙 (Dr. モローの島) (Mission 1-1)
26 マリンダイバー (Mission 1-2)
27 The Unknown World (Mission 1-3, 4-5, 5-5)
24 Steel Beast 6Beets (Boss Theme A)
28 真夜中の彷徨 (Mission 2-1)
29 魔の雪洞 (Mission 2-2)
33 Metamorphosis (Boss Theme B)
35 浅い海 (Mission 3-1)
2a ハード海中 (Mission 3-3)
2f Assault Theme (Mission 5-2)
37 ひみつ工場 (Mission 3-2)
2b 砂漠 (Mission 4-1)
2c ピラミッド (Mission 4-2)
31 The Cenotaph (Mission 4-3)
36 日本兵 (Mission 4-4)
2d 空へ (Mission 5-1) 
ce The Kidnapping (Mission 5, Intermission)
2e 宇宙へ (Mission 5-3)
32 Kiss in the Dark (Mission 5-4)
34 First Contact (Mission 5-6)
38 Bioinformatics (Mission 5-7)
39 Escape (Mission 5-8)
30 Final Attack (Final Boss)
3a End Title Again (Ending)
22 Grave Stone (Game Over)
20 Carry Out (Mission Complete)
$end
