$title=NAM-1975
$pre=07
$stop=03
$start
02 NEO-GEO Logo
30 NAMのテーマ (タイトル・デモ)
28 サブテーマ (セレクト用BGM)
31 BLOOD MISSION (スタート・デモ)
27 戦士達のプロローグ (1エリア)
37 対決 (1エリアボス出現デモ)
23 HAMMER HEAD (ボス[人間])
39 INTERIM REPORT (中間デモ)
35 市街戦 (2エリア)
33 出発!! (3エリア・デモ)
2a 空中戦 (3エリア)
2b 大型爆撃機 (大型爆撃機出現デモ)
2c 飛行場 (4エリア)
24 メカニック・ウォーズ (ボス[メカ])
3a 軍事工場 (5エリア)
38 SHIVERING (ナンシー・司令官デモ)
32 襲撃 (急襲エリア・デモ 1)
2e 襲撃 (急襲エリア・デモ 2)
29 襲撃 (急襲エリア)
2f 夜戦 (6エリア)
25 LASER WEAPON (最終兵器)
3e GOOD LUCK (エンディング[勝])
3f 記憶の光景 -戦士達のエピローグ- (スタッフ紹介)
3d GAME OVER
36 市街戦 (2エリア)
2d 大型爆撃機 (大型爆撃機出現デモ)
22 メカニック・ウォーズ (ボス[メカ])
26 LASER WEAPON (最終兵器)
$end
