$title=ニンジャコンバット
$pre=fd
$stop=03
$start
02 NEO-GEO Logo
05 OPENING
06 THE HEAVY RESPONSIBILITIES OF THE NINJA COMBAT (ステージ1)
1c BGM A
09 BATTLE ACT 1 (ボス1、ボス5)
10 STAGE CLEAR 1
0f STAGE CLEAR 2
14 SELECT
07 GOLDEN GATE BRIDGE (ステージ2)
11 BATTLE ACT 2 (ボス2)
08 NEW YORK UNDERGROUND (ステージ3)
18 BGM C
12 BATTLE ACT 3 (ボス3)
17 総攻撃 (FINAL VERSION)
04 潜入 (ステージ4)
1b BGM B
1a BATTLE ACT 4 (ボス4)
0d DANGEROUS LIFE (ステージ5)
13 NINJA ROMANTICS (ステージ6)
15 BATTLE ACT 6 (ボス6)
0b LAST CHANCE OF YOUR LIFE (ステージ7)
19 美しき人生 (プリボス)
16 BATTLE ACT 7 (ボス7)
0c 地平の扉 (エンディング)
0e GAME OVER
0a 未使用曲1
1d 未使用曲2
$end
