$title=ニンジャマスターズ 覇王忍法帖
$pre=fc
$stop=03
$start
02 NEO-GEO Logo
d0 殺意の行方 見えない鎖 (オープニング)
d1 How to Play
d2 プレイヤーセレクト
c0 夜叉力 (サスケ)
c1 狂人が見た悪夢 (カムイ)
c2 剛力夢想 (雷牙)
c3 細ら雨降る (天和)
d3 決着デモ
d4 乱入
c4 空白の刻 (鴉)
c5 砕けた現実 (鳳凰)
c6 艶 (ナツメ)
c7 龍河洞水煙 (ゴエモン)
c8 轟 (雲仙)
c9 桜花爛漫 (霞)
ca 両性具像 (蘭丸)
cb 朽ち果てる夢に光を (信長)
e0 サスケ エンディング
e1 カムイ エンディング
e2 雷牙 エンディング
e3 天和 エンディング
e4 鴉 エンディング
e5 鳳凰 エンディング
e6 ナツメ エンディング
e7 ゴエモン エンディング
e8 雲仙 エンディング
e9 霞 エンディング
ea 蘭丸 エンディング
eb 信長 エンディング
d7 Back of My Mind (スタッフロール)
d5 コンティニュー
d6 ゲームオーバー
d8 ランキング
d9 消えゆく影 (メモリーセーブ&ロード)
ee 遠い記憶 (Theme of Ninja Master's)
$end
