$title=パワースパイクスII
$pre=07
$stop=03
$start
20 NEO-GEO Logo
22 ATTRACT MODE
23 LEAGUE SELECT
27 GAME START
30 THEME 1 (1ST, 2ND MATCH)
24 A NEW CHALLENGER
33 THEME 2 (3RD, 4TH MATCH)
2d CONTINUE ?
36 THEME 3 (FINAL MATCH)
2a YOU WON
39 CONGRATULATIONS !
3a STAFF ROLL
26 GAME START
2e THEME 1 (1ST, 2ND MATCH)
31 THEME 2 (3RD, 4TH MATCH)
2b CONTINUE ?
34 THEME 3 (FINAL MATCH)
28 YOU WON
37 CONGRATULATIONS !
3a STAFF ROLL
26 GAME START
2f THEME 1 (1ST, 2ND MATCH)
32 THEME 2 (3RD, 4TH MATCH)
2c CONTINUE ?
35 THEME 3 (FINAL MATCH)
29 YOU WON
38 CONGRATULATIONS !
3a STAFF ROLL
3b 未使用曲 1
3c 未使用曲 2
$end
