$title=神凰拳
$pre=07
$stop=03
$start
02 NEO-GEO Logo
33 天照武神 (オープニング)
24 神将 (キャラクターセレクト)
25 神将 (キャラクターセレクト)
2e 黒き炎 (破壊神・スサノオ ステージ)
31 炎の城 (斉天大聖・孫悟空 ステージ)
30 蒼空の船 (福の神・弁財天 ステージ)
2f 踊る風雷神 (雷神・チチ、風神・ネネ ステージ)
2d 魂の墓碑 (死神・イグレット ステージ)
21 鬼の誉 (酒の神・酒天童子 ステージ)
2c ウォーターガーデン (人魚姫・シーナ ステージ)
28 桃色爺 (貧乏神・紊天 ステージ)
2a 魔封院 (魔人・ベヒモス ステージ)
23 妖しき宴 (サッキュバス・イーリス ステージ)
29 ちょっと一服 (勝利デモ)
34 試練 (アークオリオン戦前デモ)
32 精霊樹 (神王・アークオリオン ステージ)
35 展開 (アークオリオン戦後デモ)
2b 異界の城 (魔王・ルシファー ステージ)
36 ハッピーエンド…かな? (エンディング1)
37 グラグラエンド (エンディング2)
38 冗談でしょ? (エンディング3)
39 オールスターキャスト (スタッフロール)
26 神将再び (コンティニュー)
27 挫折 (ゲームオーバー)
$end
