$title=リアルバウト餓狼伝説スペシャル
$pre=07
$stop=03
$start
02 NEO-GEO Logo
35 REAL BOUT SP (タイトル)
38 プレイヤーセレクト
34 クリといつまでも (テリーボガード)
21 雷波涛 (アンディ・ボガード)
22 タイ南部に伝わったSPの詩 (ジョー・ヒガシ)
23 まいまいきゅーん (不知火 舞)
24 TAKU-HATU-Rock (望月 双角)
25 蜜の味 (ボブ・ウィルソン)
26 ドンチカ!!チ!!チ!! (ホンフゥ)
27 Blue Mary's BLUES (ブルー・マリー)
28 GOLI-Rock (フランコ・バッシュ)
29 C62-シロクニｰ (山崎 竜二)
2a パンドラの箱より第三番「決断」 (秦 崇秀&秦 崇雷)
3a 勝利者デモ
3d 乱入デモ
2c Duck!Duck!Duck! (ダック・キング)
2d ソウルっす♪ (キム・カッファン)
2e ロンドンマーチ (ビリー・カーン)
2f 中国四千年の歴史とはイかに II (タン・フー・ルー)
30 ハプシュ!フゥゥゥ (チン・シンザン)
31 牛とお戯れ (ローレンス・ブラッド)
33 REQUIEM K.626[Lacrimosa] (ヴォルフガング・クラウザー)
37 ギース前デモ
32 ギースにしょうゆ (ギース・ハワード)
36 S-WIND (スタッフロール)
3b コンティニュー
3c ゲームオーバー
$end
