$title=リアルバウト餓狼伝説
$pre=07
$stop=03
$start
02 NEO-GEO Logo
3e Real Bout -餓狼伝説- (オープニングタイトル)
58 Real Bout -餓狼伝説-
22 ワイワイガヤガヤ (オプション表示)
23 Hitchhike (プレイヤーセレクト)
4b Hitchhike
59 A number of rival leaders (対戦者表示、マップ画面)
2f Big Shot! (テリー・ボガード)
2c 雷波濤 (アンディ・ボガード)
29 ワニの味 (東 丈)
57 Revange (DEMO1)
5b Seoul Town (キム・カッファン)
2b イヴォンヌ・ルロールへの幻想よりピアノとハープによる浮遊 (不知火 舞)
27 白いフランコ (フランコ・バッシュ)
38 You are the winner (勝利者デモ)
5a Duck! Duck! Duck! (ダック・キング)
26 蜜の味 (ボブ・ウィルソン)
28 Kiss Me※ (ブルー・マリー) ※:ハートマーク
2d チ!!チ!!チ!!チ!! (ホンフゥ)
2e TAKU HATSU (望月 双角)
5e 皆はまだか (DEMO2)
32 パンドラの箱より 第1番 「遭遇」 (秦 崇秀)
33 パンドラの箱より 第2番 「迷霧」 (秦 崇雷)
31 C62 -シロクニ- (山崎 竜二)
5c N・D・R (ビリー・カーン)
56 対峙 (DEMO3)
30 ギースじゃ!!イ (ギース・ハワード)
2a ギースにちゅうして (ギース・ハワード Final)
5d 露命 (ギース・ハワード特殊試合後)
47 帰依 -The Sun Set Sky Final- (ENDING〜STAFF ROLL)
3d ENGAGE 1 (ネーミング)
55 Continue
3f GAME OVER
5f NEO-GEO Logo
$end
