$title=レイジ・オブ・ザ・ドラゴンズ
$pre=07
$stop=03
$start
38 Rage Of The Doragons (オープニング)
2a Come on! (プレイヤーセレクト)
2c All Over The Place (ステージ紹介)
2b Confrontation (VS画面)
21 Cheer Up! (ペペ&プパステージ)
24 Exorcism (エリアス&アリスステージ)
22 Funky Togetherness (ジョーンズ&カンステージ)
23 Dragons Blues (ジミー&ソニアステージ)
2d You Win! (勝敗デモ)
25 Beat Out (ラデル&アニ−ステージ)
27 Violent Death (オニ&カサンドラステージ)
28 Splendid String From China (ビリー&リンステージ)
2f Heavy Fellow (アブボ登場デモ)
26 Exclamation (アブボステージ)
3a An Underdog (アブボ負けデモ)
30 Yohan Demo (ヨハン登場デモ)
29 Statelessness (ヨハンステージ)
31 In The Result (エンディング(その他))
32 Become Lively (エンディング(コメディ))
33 Sad To Say (エンディング(悲しい))
34 Since Then (エンディング(シリアス1))
35 エンディング(シリアス2))
39 Glorious Heart (スタッフロール)
36 Challenger (途中参加画面)
2e Don't Stop! (コンティニュー)
37 GameOver (ゲームオーバー)
$end
