$title=真サムライスピリッツ
$pre=07
$stop=03
$start
02 NEO-GEO Logo
2d 獅子の舞 (タイトル)
38 十五士 (プレイヤー選択)
3c 新たなる戦 (スタートデモ)
2e いざ尋常に (いざ尋常に)
21 男道 (覇王丸)
25 自然の宴 春 (ナコルル)
29 静寂 (柳生十兵衛)
36 復活せし者 (中間デモ1)
33 騎士 (ナインハルト・ズィーガー)
31 真影 (服部半蔵)
26 黒鮪 (ガルフォード)
37 怨霊 (中間デモ2)
22 月の花 (橘右京)
32 続 舶来女 (シャルロット)
30 曲玉 (千両狂死郎)
34 獣女 (チャムチャム)
3a 凶 “洋” (中間デモ3-1 “洋”)
39 凶 “和” (中間デモ3-1 “和”)
3b 真魔 (中間デモ3-2, 4)
2c 魔道 (不知火幻庵)
23 腹黒 (アースクエイク)
28 鬼 (牙神幻十郎)
2b 王虎 (王虎)
2a 迷い霧 (花諷院和狆)
2f 勝負あり (勝負あり)
35 勝戦 (勝利者デモ)
47 道場破り (挑戦者あり)
27 お調子六句 (黒子)
43 いざ行かん (中間デモ5-1)
41 最後の戦 (中間デモ5-2)
24 邪神 (羅将神ミヅキ)
45 狂奇 (ボス消滅デモ)
40 新道 “和” (エンディング “和”)
3d 新道 “洋” (エンディング “洋”)
44 祭り極める (スタッフロール)
42 再演の所望 (コンティニュー)
46 終演 (ゲームオーバー)
$end
