$title=サムライスピリッツ 天草光臨
$pre=07
$stop=03
$start
02 NEO-GEO Logo
21 天草降臨 (タイトル)
39 十七士 (選択画面)
2c 島原 (マップ画面)
3a いざ尋常に (いざ尋常に)
22 修羅道 (覇王丸)
3b 勝負あり (勝負あり)
50 川 -改- (橘右京)
30 鮪の化身 (ガルフォード)
52 自然の宴 -其の弐- (ナコルル)
53 心の鏡 -其の弐- (リムルル)
55 瞑想 -壱- (イメージ画面1)
56 瞑想 -弐- (イメージ画面2)
57 瞑想 -参- (イメージ画面3)
23 鬼唄 -改- (牙神幻十郎)
54 続々舶来女 (シャルロット)
51 焔 (風間火月)
31 水の化身 (風間蒼月)
2e 弐 (天草戦前デモ)
32 動なる静 (天草四郎時貞)
33 静なる動 (壬無月斬紅郎)
24 桜 (桜ステージ)
34 三ノ宮 (海浜ステージ)
25 竹林 (竹ステージ)
35 犬 (廃町ステージ)
26 炎獄 (火事ステージ)
27 古寺 (古寺ステージ1)
28 仁王 (古寺ステージ2)
36 蒸気 (岩山ステージ)
37 不出 (処刑場ステージ)
2f 参 (ライバル戦前デモ)
38 好敵手 (ライバルラストバトル)
3c 再演の所望 (コンティニュー)
2d 眺望 -壱- (ノーマルエンディング)
3e 眺望 -弐- (バッドエンディング)
29 完 (完)
3f 勧進元 (スタッフロール)
3d 終演 (ゲームオーバー)
$end
