$title=サムライスピリッツ
$pre=07
$stop=03
$start
02 NEO-GEO Logo
27 静と動 (タイトル)
35 静と動 -短編- (30SECタイトル)
2d 十二士 (プレイヤー選択)
31 行方 (MAP画面)
21 男節 日 (覇王丸)
22 男節 月 (橘右京)
56 乱れ打ち 壱 (天草デモ)
24 竹林 (柳生十兵衛)
41 影 (服部半蔵)
57 不吉 (4人勝抜デモ)
40 鮪 (ガルフォード)
42 自然の宴 (ナコルル)
43 異人 (タムタム)
29 精進 (ボーナス)
45 舶来女 (シャルロット)
23 魔 (不知火幻庵)
44 勾玉 (千両狂死郎)
28 大地 (アースクエイク)
25 王虎 (王虎)
2c 勝戦 (勝利デモ)
2f 乱れ打ち 弐 (最終デモ)
2a 鼓動 (天草四郎時貞1)
55 炎 (転換)
26 暗黒 (天草四郎時貞2)
51 叫び (エンディング1)
52 平和 (エンディング2)
46 革命女 (シャルロット・エンディング)
50 祭り奏でる (スタッフロール)
53 再戦の所望 (コンティニュー)
54 終演 (ゲームオーバー)
$end
