$title=サムライスピリッツ 斬紅朗無双剣
$pre=07
$stop=03
$start
02 NEO-GEO Logo
3c 剣の魂 (タイトル)
30 十二士 (選択画面)
31 いざ尋常に (いざ尋常に)
21 男酒 (覇王丸)
32 勝負あり (勝負あり)
22 川 (橘右京)
23 精進の滝 (ガルフォード)
24 自然の息吹 (ナコルル)
34 勝戦 (勝利者デモ)
35 無双剣 (中間デモ)
37 黒い奴 (黒子デモ)
2c 舞闘劇 (黒子)
3d 琵琶の調べ (イメージ画面ME)
25 鬼唄 (牙神幻十郎)
26 宴舞 (千両狂死郎)
27 獄 (服部半蔵)
28 三途の嘆き (首斬り破沙羅)
29 寺 (花諷院骸羅)
2a 風、薫る (緋雨閑丸)
2b 心の鏡 (リムルル)
2d 狂態 (天草四郎時貞)
36 強者現る (ボス前デモ)
3a いざ尋常に 「弐」 (斬紅郎ステージ いざ尋常に)
2e 最後の刃 (壬無月斬紅郎 一)
38 大仏殿崩れる (大仏殿崩れる)
2f 無限 (壬無月斬紅郎 二)
40 雨太鼓 (エンディング)
3b 祭り流れる (スタッフロール)
33 再演の所望 (コンティニュー)
3e 終演 (ゲームオーバー)
39 未使用曲
$end
