$title=ショックトルーパーズ
$pre=07
$stop=03
$start
02 NEO-GEO Logo
47 Shock Troopers (オープニングデモ)
4a 操作説明BGM (説明操作)
40 Select (モード, プレイヤー, ステージ, 迂回セレクト)
26 Ride on (ジャングル1, ジャングル5前半, 渓谷1前半, 渓谷5, 山岳1, 山岳5)
28 Neo Tokyo2015 (渓谷1後半, 山岳2前半, ジャングル2前半)
23 ジャングリズム (ジャングル2後半, 渓谷3後半, 山岳2後半)
43 Remark #1 (中間ステージ)
48 Remark #2 (中間デモ)
27 Undercover (ジャングル3前半, 渓谷3前半, 山岳3前半)
25 Bumpers (渓谷2, ジャングル3後半, 山岳3後半)
2a Nu Era of Technorogy (ジャングル4, ジャングル5後半, 渓谷4, 山岳4)
22 Dark Matter (ボスA)
30 Breakbeat Science (ボスB)
41 Stage Clear BGM
42 Last Stage (最終ステージ)
31 Last Boss (最終ボス)
46 Last Boss Clear BGM (最終ボスクリア)
33 Talk Darty to Me (エンディング)
49 ランキングBGM (ランキング)
$end
