$title=ソニックウイングス2
$pre=07
$stop=03
$start
02 NEO-GEO Logo
20 ビデオシステム！
21 オープニング
22 キャラ選択
23 日本ステージ
2c ボス
31 ステージ間デモ
24 フランスステージ
25 太平洋ステージ (ボーナスステージ)
26 ブラジルステージ
27 アメリカステージ
28 ネパールステージ (ボーナスステージ)
29 オーストラリアステージ
2a メキシコステージ
2b ハワイステージ
2d 要塞ステージ前半〜お猿ステーション
2e 要塞ステージ後半
2f 最終ボス (大怪球篇)
30 最終ボス (テヌキーチャウド篇)
33 Ending アンジェラのテーマ
35 Ending 真尾まおのテーマ
36 Ending 真尾まおのテーマ (インスト)
37 Ending 緋炎のテーマ
38 Ending シルバーのテーマ
39 Ending ハッピー
3a Ending バッド
3b Ending シリアス
3c Ending ほのぼの
3d Ending 大ボケ
3e Ending 悲哀
34 スタッフロール
32 ネームエントリー
$end
