$title=ソニックウイングス3
$pre=07
$stop=03
$start
02 NEO-GEO Logo
20 VIDEO SYSTEM Logo
21 Illusion (オープニング＆スタッフロール)
22 Overture (セレクト)
24 Dirty City (東京ステージ)
33 Show Me What You've Got! (ボス)
37 It's A Sonic Jingle (ステージクリア1)
25 Scorchers (ドイツ軍港ステージ)
26 Overdrive Man (アフリカ砂漠ステージ)
27 The Sonic Jungle Show Part 1 (ボーナスステージ1)
28 Stereo Type (グランドキャニオンステージ)
29 Lackluster Lacuna (ロンドンステージ1)
2c Lackluster Lacuna (Remix) (ロンドンステージ2)
30 With Deep Emotion (フランスステージ)
2a Motif (パナマ運河ステージ)
2d The Sonic Jungle Show Part 2 (ボーナスステージ2)
2e Overdrive Man (Remix) (アフリカ砂漠ステージ)
2f Quacking Meditator (アジア遺跡ステージ)
2b A Exalted Executioner Was Exclaimed (ソ連要塞ステージ)
31 Deep Gloove (深海ステージ)
32 Odyssey (火星ステージ)
35 Deja vu (最終ボス)
36 The Theme Of So-Takeko (最終ボス・ソーたけ子)
23 It's A Sonic Jingle (Remix) (ステージクリア2)
3a Queer A Player Piano (エンディング)
38 Illusion (Short Version) (ネームエントリー)
7b Special Weapon 1
88 Special Weapon 2
8e Special Weapon 3
$end
