$title=SNK VS. CAPCOM SVC CHAOS
$pre=07
$stop=03
$start
02 NEO･GEO logo
31 死闘の風 "タイトル"
2a Select "プレイヤーセレクト"
2b Sign "通常ステージ スタート演出"
2f 因縁 "因縁演出"
21 Ruined Town "廃墟工場ステージ"
25 虚空 "廃墟駅ステージ"
22 Church Groove "教会ステージ"
24 彩 "森林ステージ"
23 Sacred Ground "神殿ステージ"
26 誰も知らない国より "古代ステージ"
40 予期せぬ戦い "乱入ステージ"
30 WIN SVC "勝利デモ"
2c 闇 "ボスステージ スタート演出"
27 最後の死闘 "ボスステージ"
3b KO "KO時 ME"
3f Ascension "ボス後デモ"
2d 序曲(天国) "天国ステージ スタート演出"
28 SVC天国の詩 "天国ステージ"
2e 序曲(地獄) "地獄ステージ スタート演出"
29 SVC地獄の詩 "地獄ステージ"
33 Run to the dark "エンディングA"
34 It’s so Cool! "エンディングB"
35 一時の休息 "エンディングC"
36 Heyeyey! "エンディングD"
37 静寂 "エンディングE"
38 Preparedness "エンディングF"
00 Far out "エンディングG"
32 終わり無き旅 "BADエンディング"
3c Left Bank "スタッフロール"
3d 敗北へのカウントダウン "コンティニュー"
3e G Over "ゲームオーバー"
$end
