$title=トップハンター
$pre=07
$stop=03
$start
02 NEO-GEO Logo
3f SNK Logo
21 すろっとひけばぁ〜 (タイトル)
22 たらら らったぁ〜 (操作説明)
23 この惑星? あの惑星? (ステージセレクト)
42 はじまり はじまり (エリア表示画面)
24 森が好き (森の惑星BGM1 “テーマ”)
2a 森の迷子たち (森の惑星BGM2)
28 さわやかさん (森の惑星BGM3)
4a エリートソルジャーFOREST (森の惑星エリアボス)
40 ほぉ〜とっ… (エリアクリアBGM)
2c THE SLY (森の惑星ステージボス)
41 うっきぃ〜 らっきぃ〜  (ステージクリアBGM)
43 めざせパーフェクト! (ボーナスステージ)
2d 風よ吹け (風の惑星BGM1 “テーマ”)
2e 嵐を呼べ (風の惑星BGM2)
2f 愉快なロープ敵 (風の惑星BGM3)
4b エリートソルジャーWIND (風の惑星エリアボス)
30 THE BIG MAN (風の惑星ステージボス)
31 あついぞぉ〜 (火の惑星BGM1 “テーマ”)
32 モンスターはどこだ (火の惑星BGM2)
33 陽気なこうもり (火の惑星BGM3)
4c 火っ火っ火 (火の惑星エリアボス)
34 だだっこ (火の惑星ステージボス)
35 Sha-ra-ra (氷の惑星BGM1 “テーマ”)
36 こおるど こおるぞ (氷の惑星BGM2)
37 お茶目な雪達磨くん (氷の惑星BGM3)
4d さむいのは、やー (氷の惑星エリアボス)
38 おほほほ MISTY (氷の惑星ステージボス)
3a たたたたったたったた〜 (宇宙戦艦ステージ前デモ)
39 行くぞ! 宇宙海賊クラプトン (宇宙戦艦ステージ “テーマ”)
3b きたぞ〜 くるぞ〜 (宇宙戦艦ステージボス前デモ)
3c ど・ど・DRAGON!! (ドラゴンボス・最終ボス “キャプテンクラプトン”)
44 ほんっとに おめでと!! (キャプテンクラプトンクリアBGM)
45 夢の中まで逢いにきて (エンディングBGM)
3e うっしっし (GAME OVER)
25 森が好き (森の惑星BGM1 “テーマ”)
49 行くぞ! 宇宙海賊クラプトン (宇宙戦艦ステージ “テーマ”)
3d ど・ど・DRAGON!! (ドラゴンボス・最終ボス “キャプテンクラプトン”)
45 夢の中まで逢いにきて (エンディングBGM)
$end
