$title=わくわく7
$pre=07
$stop=03
$start
5f NEO-GEO Logo
21 わくわく７ オープニング
22 わくわくバトるぜ！
5d VS画面
24 ライ ステージ オープニング
25 たたかえ！超冒険少年ライ
2b ポリタンクＺ ステージ オープニング 
2c ゆけ！ゆけ！ポリタンクＺ
31 アリーナ ステージ オープニング
32 わくわくがとまらない
38 まるるん ステージ オープニング
39 思い出の森
58 勝ちテーマ
59 負けテーマ
51 ボーナス ステージ オープニング 
52 やさしくゆるして
57 乱入者来たる！
3e ダンディーＪ ステージ オープニング
3f 陽はまた沈む
45 ティセ ステージ オープニング 
46 ドリーム・ワルツ 
49 スラッシュ ステージ オープニング
4a 運命の肖像 
53 レリーフ
4e フェルナンデス ステージ オープニング 
50 プロローグ・オブ・デス
55 妖精 
27 ライ エンディング１
29 ライ エンディング２
2e ポリタンクＺ エンディング１
2f ポリタンクＺ エンディング２
35 アリーナ エンディング１
36 アリーナ エンディング２
3b まるるん エンディング１
3d まるるん エンディング２
41 ダンディーＪ エンディング１
43 ダンディーＪ エンディング２
48 ティセ エンディング 
4b スラッシュ エンディング１
4c スラッシュ エンディング２
5e スタッフロール
5a コンティニュー 
5b ゲームオーバー１
5c ゲームオーバー２
34 ゲームオーバー３
$end
