$title=ワールドヒーローズ
$pre=fd
$stop=03
$start
02 NEO-GEO Logo
17 宇宙いち武道大会始まる (オープニング)
22 プレイヤーセレクト
19 ステージスタート
04 天下無双烈光斬 (半蔵のテーマ)
11 風と炎と (風魔のテーマ)
0b 竜と呼ばれた男 (ドラゴンのテーマ)
0a 華麗なる闘志 (ジャンヌのテーマ)
05 大陸の覇王 (J.カーンのテーマ)
06 Power Wall (マッスルパワーのテーマ)
10 Cyber General (ブロッケンのテーマ)
0c 愛の魔道士 (ラスプーチンのテーマ)
0f Loudness, Gone Gone (デスマッチモード)
21 ステージクリア
ef Go Go J. フェリー (ボーナスステージ)
ed OKIYAMA-SAKICHI (博士おほめの言葉デモ)
ee うちゅう最強の男 (ギガス登場)
12 Final Battle Over Earth (ギガスのテーマ)
16 抜け忍の末路-飛翔- (半蔵 エンディング)
1b 日常くんの優雅な毎日 (風魔 エンディング)
15 めざせ!! 香港映画スター (ドラゴン エンディング)
23 Sometime I'll Take My Prince (ジャンヌ エンディング)
1e Tomato Squash (J.カーン エンディング)
1d いっちゃんGENKIJIRUSHI (マッスルパワー エンディング)
1a Sophisticated Effector (ブロッケン エンディング)
1c Tricky, Time Slider (ラスプーチン エンディング)
13 The Final Station March (スタッフロール)
0e コンティニュー (半蔵)
0d コンティニュー (風魔)
07 コンティニュー (ドラゴン)
09 コンティニュー (ジャンヌ)
14 コンティニュー (J.カーン)
1f コンティニュー (マッスルパワー)
08 コンティニュー (ブロッケン)
20 コンティニュー (ラスプーチン)
18 ゲームオーバー
$end
