$title=ワールドヒーローズ2 JET
$pre=fc
$stop=03
$start
02 NEO-GEO Logo
19 悪の教典 第1 (オープニング)
31 エキサイター (プレイヤーセレクト)
12 聖なる祈り (初日セレモニー)
18 BLUE EDGE (USAのテーマ)
2f GOD'S GRACE (大会結果デモ)
10 GERMAN RHAPSODY (ドイツのテーマ)
30 人類の傲り (ボーナスステージ)
0c LA ZOZOBLA (スペインのテーマ)
1a STAR SOLDIER (韓国のテーマ)
15 THE SPORTS OF KINGS (修業VS)
06 勇者の回廊 (修業のテーマ)
1e EARTHQUAKE (キッド登場前デモ)
11 STAR SPRUNG'D KID (キッド登場デモ)
0b 大きな海のナイスガイ (キャプテン・キッドのテーマ)
2e GRADUATION DAY (野試合終了デモ)
33 WORLD WAR X (決勝デモ)
39 SHOOTING SCRIPT (日本のテーマ)
34 NECROTIZED (超武会優勝デモ)
32 天使の約束 (暗黒超武会デモ)
04 狂気に潜む者 (ジャックのテーマ)
16 THE DEVIL OF KINGS (暗黒VS)
36 聖なる戦い (リョフ出陣デモ)
0d 瞳の中の風 -EYES OF SEKITOBA- (リョフのテーマ)
13 天帝降臨 (ゼウス登場デモ)
0a 天地晦冥 (ゼウスのテーマ)
1f THE CARD OF THIRTEEN (ゼウスやられ1-A)
1b 嘆きの天使 (ゼウスやられ1-B)
1d 天帝堕つ (ゼウスやられ2)
0e MAH-MAH JAN (エンディング1)
0f 世界一周追いかけっこの旅 (エンディング2)
37 嘘がつけたなら (修業エンディング)
1c FINAL ECSTASY (スタッフロール)
35 SNUFF OUT (ゲームオーバー)
$end
